<?xml version="1.0" encoding="utf-8"?><testsuites name="pytest tests"><testsuite name="pytest" errors="0" failures="0" skipped="0" tests="11" time="1.167" timestamp="2026-07-14T07:26:48.600465+00:00" hostname="agent-env-483ed4f4-3050-4935-9db3-0b7a4c88a65f"><testcase classname="backend.tests.test_vyro_workout.TestWorkoutTodayEndpoint" name="test_workout_today_shape" time="0.327" /><testcase classname="backend.tests.test_vyro_workout.TestWorkoutTodayEndpoint" name="test_workout_today_exercise_fields" time="0.043" /><testcase classname="backend.tests.test_vyro_workout.TestWorkoutTodayEndpoint" name="test_workout_today_has_last_log_for_first_exercises" time="0.044" /><testcase classname="backend.tests.test_vyro_workout.TestWorkoutTodayEndpoint" name="test_seeded_reps_not_parsed_string_join" time="0.090" /><testcase classname="backend.tests.test_vyro_workout.TestWorkoutTodayEndpoint" name="test_workout_today_404_unknown_profile" time="0.042" /><testcase classname="backend.tests.test_vyro_workout.TestWorkoutComplete" name="test_complete_success_with_previous_deltas" time="0.087" /><testcase classname="backend.tests.test_vyro_workout.TestWorkoutComplete" name="test_complete_zero_sets_returns_400" time="0.082" /><testcase classname="backend.tests.test_vyro_workout.TestWorkoutComplete" name="test_complete_zero_sets_with_empty_exercise" time="0.042" /><testcase classname="backend.tests.test_vyro_workout.TestWorkoutComplete" name="test_complete_404_unknown_profile" time="0.043" /><testcase classname="backend.tests.test_vyro_workout.TestWorkoutComplete" name="test_complete_upserts_session_in_home_history" time="0.220" /><testcase classname="backend.tests.test_vyro_workout.TestWorkoutComplete" name="test_no_object_id_leak" time="0.084" /></testsuite></testsuites>