<?xml version="1.0" encoding="utf-8"?><testsuites name="pytest tests"><testsuite name="pytest" errors="0" failures="0" skipped="0" tests="10" time="0.862" timestamp="2026-07-14T07:12:50.832549+00:00" hostname="agent-env-483ed4f4-3050-4935-9db3-0b7a4c88a65f"><testcase classname="backend.tests.test_vyro_today.TestProfileSeed" name="test_profile_created_no_object_id" time="0.304" /><testcase classname="backend.tests.test_vyro_today.TestProfileSeed" name="test_get_profile_by_id" time="0.047" /><testcase classname="backend.tests.test_vyro_today.TestProfileSeed" name="test_get_profile_unknown_404" time="0.056" /><testcase classname="backend.tests.test_vyro_today.TestTodayEndpoint" name="test_today_returns_all_fields" time="0.046" /><testcase classname="backend.tests.test_vyro_today.TestTodayEndpoint" name="test_today_workout_shape" time="0.044" /><testcase classname="backend.tests.test_vyro_today.TestTodayEndpoint" name="test_today_nutrition_shape" time="0.045" /><testcase classname="backend.tests.test_vyro_today.TestTodayEndpoint" name="test_today_history_last_5_days" time="0.046" /><testcase classname="backend.tests.test_vyro_today.TestTodayEndpoint" name="test_streak_consistent_with_history" time="0.044" /><testcase classname="backend.tests.test_vyro_today.TestTodayEndpoint" name="test_today_unknown_profile_404" time="0.041" /><testcase classname="backend.tests.test_vyro_today.TestSessionSeeding" name="test_new_profile_seeds_sessions" time="0.125" /></testsuite></testsuites>