<?xml version="1.0" encoding="utf-8"?><testsuites name="pytest tests"><testsuite name="pytest" errors="0" failures="0" skipped="0" tests="19" time="1.342" timestamp="2026-07-14T07:44:09.177833+00:00" hostname="agent-env-483ed4f4-3050-4935-9db3-0b7a4c88a65f"><testcase classname="tests.test_nutrition_flow.TestFoodSearch" name="test_empty_query_returns_slice" time="0.227" /><testcase classname="tests.test_nutrition_flow.TestFoodSearch" name="test_limit_respected" time="0.047" /><testcase classname="tests.test_nutrition_flow.TestFoodSearch" name="test_chick_matches_chicken" time="0.044" /><testcase classname="tests.test_nutrition_flow.TestFoodSearch" name="test_food_ids_stable" time="0.044" /><testcase classname="tests.test_nutrition_flow.TestRecentFoods" name="test_unknown_profile_404" time="0.049" /><testcase classname="tests.test_nutrition_flow.TestRecentFoods" name="test_recent_populated_from_seed" time="0.093" /><testcase classname="tests.test_nutrition_flow.TestRecentFoods" name="test_recent_sorted_desc" time="0.047" /><testcase classname="tests.test_nutrition_flow.TestLogMeal" name="test_log_meal_computes_macros" time="0.045" /><testcase classname="tests.test_nutrition_flow.TestLogMeal" name="test_invalid_food_id_404" time="0.044" /><testcase classname="tests.test_nutrition_flow.TestLogMeal" name="test_unknown_profile_404" time="0.044" /><testcase classname="tests.test_nutrition_flow.TestLogMeal" name="test_servings_zero_rejected" time="0.045" /><testcase classname="tests.test_nutrition_flow.TestLogMeal" name="test_servings_too_large_rejected" time="0.047" /><testcase classname="tests.test_nutrition_flow.TestDeleteMeal" name="test_delete_existing" time="0.123" /><testcase classname="tests.test_nutrition_flow.TestDeleteMeal" name="test_delete_unknown_404" time="0.047" /><testcase classname="tests.test_nutrition_flow.TestNutritionToday" name="test_all_four_meal_types_in_order" time="0.046" /><testcase classname="tests.test_nutrition_flow.TestNutritionToday" name="test_subtotals_match_entries" time="0.046" /><testcase classname="tests.test_nutrition_flow.TestNutritionToday" name="test_home_and_nutrition_agree" time="0.090" /><testcase classname="tests.test_nutrition_flow.TestNutritionToday" name="test_seed_meals_present_for_fresh_profile" time="0.093" /><testcase classname="tests.test_nutrition_flow.TestNutritionToday" name="test_unknown_profile_404" time="0.044" /></testsuite></testsuites>