<?xml version="1.0" encoding="utf-8"?><testsuites name="pytest tests"><testsuite name="pytest" errors="0" failures="1" skipped="0" tests="64" time="62.061" timestamp="2026-07-14T11:03:32.539565+00:00" hostname="agent-env-483ed4f4-3050-4935-9db3-0b7a4c88a65f"><testcase classname="tests.test_ai_workout_generation.TestValidateGeneratedWorkout" name="test_valid_plan_passes" time="0.000" /><testcase classname="tests.test_ai_workout_generation.TestValidateGeneratedWorkout" name="test_invented_exercise_name_rejected" time="0.000" /><testcase classname="tests.test_ai_workout_generation.TestValidateGeneratedWorkout" name="test_invented_workout_name_rejected" time="0.000" /><testcase classname="tests.test_ai_workout_generation.TestValidateGeneratedWorkout" name="test_target_sets_out_of_range" time="0.000" /><testcase classname="tests.test_ai_workout_generation.TestValidateGeneratedWorkout" name="test_empty_target_reps_rejected" time="0.000" /><testcase classname="tests.test_ai_workout_generation.TestValidateGeneratedWorkout" name="test_rest_seconds_out_of_range" time="0.000" /><testcase classname="tests.test_ai_workout_generation.TestValidateGeneratedWorkout" name="test_negative_starter_weight_rejected" time="0.000" /><testcase classname="tests.test_ai_workout_generation.TestValidateGeneratedWorkout" name="test_zero_exercises_rejected" time="0.000" /><testcase classname="tests.test_ai_workout_generation.TestValidateGeneratedWorkout" name="test_missing_keys_rejected" time="0.000" /><testcase classname="tests.test_ai_workout_generation.TestInjuryPool" name="test_no_injury_returns_full_pool" time="0.000" /><testcase classname="tests.test_ai_workout_generation.TestInjuryPool" name="test_shoulder_injury_strips_overhead" time="0.000" /><testcase classname="tests.test_ai_workout_generation.TestInjuryPool" name="test_knee_injury_strips_squats" time="0.000" /><testcase classname="tests.test_ai_workout_generation.TestInjuryPool" name="test_multiple_injuries_combine" time="0.000" /><testcase classname="tests.test_ai_workout_generation.TestInjuryPool" name="test_case_insensitive" time="0.000" /><testcase classname="tests.test_ai_workout_generation.TestInjuryPool" name="test_categories_with_too_few_left_are_dropped" time="0.000" /><testcase classname="tests.test_ai_workout_generation.TestEndpointsShapePreserved" name="test_workout_today_shape_still_intact" time="2.760" /><testcase classname="tests.test_ai_workout_generation.TestEndpointsShapePreserved" name="test_today_endpoint_returns_exercise_count_not_list" time="2.447" /><testcase classname="tests.test_ai_workout_generation.TestEndpointsShapePreserved" name="test_cache_hit_second_call_fast" time="2.730" /><testcase classname="tests.test_ai_workout_generation.TestEndpointsShapePreserved" name="test_get_today_and_workout_today_agree_on_name" time="2.594" /><testcase classname="tests.test_ai_workout_generation.TestEndpointsShapePreserved" name="test_audit_trail_written" time="3.025" /><testcase classname="tests.test_ai_workout_generation.TestEndpointsShapePreserved" name="test_injury_profile_excludes_blocked_movements" time="2.107" /><testcase classname="tests.test_ai_workout_generation.TestEndpointsShapePreserved" name="test_no_generated_plans_leak_via_api" time="2.156" /><testcase classname="tests.test_ai_workout_generation.TestGetOrGeneratePlanSuccessPath" name="test_valid_ai_plan_bypasses_fallback" time="0.057" /><testcase classname="tests.test_ai_workout_generation.TestGetOrGeneratePlanSuccessPath" name="test_invalid_ai_plan_falls_through_to_template" time="0.057" /><testcase classname="tests.test_nutrition_flow.TestFoodSearch" name="test_empty_query_returns_slice" time="0.002" /><testcase classname="tests.test_nutrition_flow.TestFoodSearch" name="test_limit_respected" time="0.042" /><testcase classname="tests.test_nutrition_flow.TestFoodSearch" name="test_chick_matches_chicken" time="0.042" /><testcase classname="tests.test_nutrition_flow.TestFoodSearch" name="test_food_ids_stable" time="0.043" /><testcase classname="tests.test_nutrition_flow.TestRecentFoods" name="test_unknown_profile_404" time="0.043" /><testcase classname="tests.test_nutrition_flow.TestRecentFoods" name="test_recent_populated_from_seed" time="0.090" /><testcase classname="tests.test_nutrition_flow.TestRecentFoods" name="test_recent_sorted_desc" time="0.043" /><testcase classname="tests.test_nutrition_flow.TestLogMeal" name="test_log_meal_computes_macros" time="0.044" /><testcase classname="tests.test_nutrition_flow.TestLogMeal" name="test_invalid_food_id_404" time="0.042" /><testcase classname="tests.test_nutrition_flow.TestLogMeal" name="test_unknown_profile_404" time="0.043" /><testcase classname="tests.test_nutrition_flow.TestLogMeal" name="test_servings_zero_rejected" time="0.042" /><testcase classname="tests.test_nutrition_flow.TestLogMeal" name="test_servings_too_large_rejected" time="0.043" /><testcase classname="tests.test_nutrition_flow.TestDeleteMeal" name="test_delete_existing" time="0.087" /><testcase classname="tests.test_nutrition_flow.TestDeleteMeal" name="test_delete_unknown_404" time="0.044" /><testcase classname="tests.test_nutrition_flow.TestNutritionToday" name="test_all_four_meal_types_in_order" time="0.044" /><testcase classname="tests.test_nutrition_flow.TestNutritionToday" name="test_subtotals_match_entries" time="0.044" /><testcase classname="tests.test_nutrition_flow.TestNutritionToday" name="test_home_and_nutrition_agree" time="2.424" /><testcase classname="tests.test_nutrition_flow.TestNutritionToday" name="test_seed_meals_present_for_fresh_profile" time="0.089" /><testcase classname="tests.test_nutrition_flow.TestNutritionToday" name="test_unknown_profile_404" time="0.043" /><testcase classname="tests.test_vyro_today.TestProfileSeed" name="test_profile_created_no_object_id" time="0.180" /><testcase classname="tests.test_vyro_today.TestProfileSeed" name="test_get_profile_by_id" time="0.052" /><testcase classname="tests.test_vyro_today.TestProfileSeed" name="test_get_profile_unknown_404" time="0.055" /><testcase classname="tests.test_vyro_today.TestTodayEndpoint" name="test_today_returns_all_fields" time="2.714" /><testcase classname="tests.test_vyro_today.TestTodayEndpoint" name="test_today_workout_shape" time="0.054" /><testcase classname="tests.test_vyro_today.TestTodayEndpoint" name="test_today_nutrition_shape" time="0.053" /><testcase classname="tests.test_vyro_today.TestTodayEndpoint" name="test_today_history_last_5_days" time="0.054" /><testcase classname="tests.test_vyro_today.TestTodayEndpoint" name="test_streak_consistent_with_history" time="0.050" /><testcase classname="tests.test_vyro_today.TestTodayEndpoint" name="test_today_unknown_profile_404" time="0.049" /><testcase classname="tests.test_vyro_today.TestSessionSeeding" name="test_new_profile_seeds_sessions" time="2.246" /><testcase classname="tests.test_vyro_workout.TestWorkoutTodayEndpoint" name="test_workout_today_shape" time="2.771" /><testcase classname="tests.test_vyro_workout.TestWorkoutTodayEndpoint" name="test_workout_today_exercise_fields" time="0.047" /><testcase classname="tests.test_vyro_workout.TestWorkoutTodayEndpoint" name="test_workout_today_has_last_log_for_first_exercises" time="0.068" /><testcase classname="tests.test_vyro_workout.TestWorkoutTodayEndpoint" name="test_seeded_reps_not_parsed_string_join" time="27.801" /><testcase classname="tests.test_vyro_workout.TestWorkoutTodayEndpoint" name="test_workout_today_404_unknown_profile" time="0.046" /><testcase classname="tests.test_vyro_workout.TestWorkoutComplete" name="test_complete_success_with_previous_deltas" time="0.098"><failure message="assert None is not None">tests/test_vyro_workout.py:181: in test_complete_success_with_previous_deltas
    assert j["previous_total_volume"] is not None
E   assert None is not None</failure></testcase><testcase classname="tests.test_vyro_workout.TestWorkoutComplete" name="test_complete_zero_sets_returns_400" time="0.042" /><testcase classname="tests.test_vyro_workout.TestWorkoutComplete" name="test_complete_zero_sets_with_empty_exercise" time="0.121" /><testcase classname="tests.test_vyro_workout.TestWorkoutComplete" name="test_complete_404_unknown_profile" time="0.079" /><testcase classname="tests.test_vyro_workout.TestWorkoutComplete" name="test_complete_upserts_session_in_home_history" time="2.336" /><testcase classname="tests.test_vyro_workout.TestWorkoutComplete" name="test_no_object_id_leak" time="0.092" /></testsuite></testsuites>